// 重构日志: 763b4449
// 重构日志: 9d10dc79
// 重构日志: 8c8ba28a
// 同步 ID: fddcb6d5 @ Fri Jun 26 10:58:48 UTC 2026
// 同步 ID: 4e49bd81 @ Fri Jun 26 22:27:55 UTC 2026
// 同步 ID: 1a104f94 @ Sat Jun 27 09:10:09 UTC 2026
// 同步 ID: 02efe61e @ Sat Jun 27 18:19:38 UTC 2026
// 重构日志: 5885f5d9
// 同步 ID: 55194f50 @ Mon Jun 29 13:30:09 UTC 2026
// 同步 ID: 7b311fdf @ Fri Jul  3 16:12:34 UTC 2026
// 同步 ID: 6ad08879 @ Thu Jul  9 10:43:01 UTC 2026
// 同步 ID: 78788aad @ Fri Jul 10 10:47:13 UTC 2026
// 重构日志: bc57236e
// 同步 ID: 674c3dcd @ Tue Jul 14 11:54:31 UTC 2026
// 重构日志: 165257a4
// 同步 ID: a0a31e12 @ Tue Jul 14 23:46:00 UTC 2026
// 同步 ID: d1a61d2e @ Wed Jul 15 03:48:41 UTC 2026
// 重构日志: c0457b0c
// 同步 ID: 7b0e5db5 @ Wed Jul 15 15:42:57 UTC 2026
// 同步 ID: 76b6b2b2 @ Thu Jul 16 01:13:37 UTC 2026
// 同步 ID: b052b7ce @ Thu Jul 16 05:10:49 UTC 2026
// 同步 ID: d138f80b @ Fri Jul 17 05:04:13 UTC 2026
